<?xml version="1.0" encoding="UTF-8"?>
<testng-results ignored="0" total="1" passed="1" failed="0" skipped="0">
  <reporter-output>
  </reporter-output>
  <suite started-at="2025-02-24T03:18:05 CET" name="Default suite" finished-at="2025-02-24T03:18:09 CET" duration-ms="3996">
    <groups>
    </groups>
    <test started-at="2025-02-24T03:18:05 CET" name="Default test" finished-at="2025-02-24T03:18:09 CET" duration-ms="3996">
      <class name="vega.tests.AddRemoveItemsFromCartTest">
        <test-method is-config="true" signature="beforeClass(java.lang.String)[pri:0, instance:vega.tests.AddRemoveItemsFromCartTest@7139992f]" started-at="2025-02-24T03:18:05 CET" name="beforeClass" finished-at="2025-02-24T03:18:07 CET" duration-ms="1957" status="PASS">
          <params>
            <param index="0">
              <value>
                <![CDATA[chrome]]>
              </value>
            </param>
          </params>
          <reporter-output>
          </reporter-output>
        </test-method> <!-- beforeClass -->
        <test-method is-config="true" signature="beforeMethod()[pri:0, instance:vega.tests.AddRemoveItemsFromCartTest@7139992f]" started-at="2025-02-24T03:18:07 CET" name="beforeMethod" finished-at="2025-02-24T03:18:07 CET" duration-ms="222" status="PASS">
          <reporter-output>
          </reporter-output>
        </test-method> <!-- beforeMethod -->
        <test-method signature="addAndRemoveItemFromCart()[pri:0, instance:vega.tests.AddRemoveItemsFromCartTest@7139992f]" started-at="2025-02-24T03:18:07 CET" name="addAndRemoveItemFromCart" finished-at="2025-02-24T03:18:09 CET" duration-ms="1553" status="PASS">
          <reporter-output>
          </reporter-output>
        </test-method> <!-- addAndRemoveItemFromCart -->
        <test-method is-config="true" signature="afterMethod()[pri:0, instance:vega.tests.AddRemoveItemsFromCartTest@7139992f]" started-at="2025-02-24T03:18:09 CET" name="afterMethod" finished-at="2025-02-24T03:18:09 CET" duration-ms="1" status="PASS">
          <reporter-output>
          </reporter-output>
        </test-method> <!-- afterMethod -->
        <test-method is-config="true" signature="afterClass()[pri:0, instance:vega.tests.AddRemoveItemsFromCartTest@7139992f]" started-at="2025-02-24T03:18:09 CET" name="afterClass" finished-at="2025-02-24T03:18:09 CET" duration-ms="204" status="PASS">
          <reporter-output>
          </reporter-output>
        </test-method> <!-- afterClass -->
      </class> <!-- vega.tests.AddRemoveItemsFromCartTest -->
    </test> <!-- Default test -->
  </suite> <!-- Default suite -->
</testng-results>
